<?xml version="1.0" encoding="UTF-8"?>
<!-- Generated by org.testng.reporters.JUnitReportReporter -->
<testsuite hostname="DESKTOP-UM2MPT8" failures="0" tests="1" name="TestRunner" time="4.045" errors="0" timestamp="2023-09-25T11:46:21 IST" skipped="0">
  <testcase classname="TestRunner" name="runScenario" time="4.045"/>
</testsuite> <!-- TestRunner -->
